Determining if the __i386 exist failed with the following output:
Change Dir: /home/flowerfell-sans/桌面/codeSpace/teeworlds-infclassRc/build/CMakeFiles/CMakeTmp

Run Build Command(s):/usr/bin/make cmTC_9923e/fast && /usr/bin/make -f CMakeFiles/cmTC_9923e.dir/build.make CMakeFiles/cmTC_9923e.dir/build
make[1]: 进入目录“/home/flowerfell-sans/桌面/codeSpace/teeworlds-infclassRc/build/CMakeFiles/CMakeTmp”
Building C object CMakeFiles/cmTC_9923e.dir/CheckSymbolExists.c.o
/usr/bin/cc    -o CMakeFiles/cmTC_9923e.dir/CheckSymbolExists.c.o   -c /home/flowerfell-sans/桌面/codeSpace/teeworlds-infclassRc/build/CMakeFiles/CMakeTmp/CheckSymbolExists.c
/home/flowerfell-sans/桌面/codeSpace/teeworlds-infclassRc/build/CMakeFiles/CMakeTmp/CheckSymbolExists.c: In function ‘main’:
/home/flowerfell-sans/桌面/codeSpace/teeworlds-infclassRc/build/CMakeFiles/CMakeTmp/CheckSymbolExists.c:7:19: error: ‘__i386’ undeclared (first use in this function)
    7 |   return ((int*)(&__i386))[argc];
      |                   ^~~~~~
/home/flowerfell-sans/桌面/codeSpace/teeworlds-infclassRc/build/CMakeFiles/CMakeTmp/CheckSymbolExists.c:7:19: note: each undeclared identifier is reported only once for each function it appears in
make[1]: *** [CMakeFiles/cmTC_9923e.dir/build.make:66：CMakeFiles/cmTC_9923e.dir/CheckSymbolExists.c.o] 错误 1
make[1]: 离开目录“/home/flowerfell-sans/桌面/codeSpace/teeworlds-infclassRc/build/CMakeFiles/CMakeTmp”
make: *** [Makefile:121：cmTC_9923e/fast] 错误 2


File /home/flowerfell-sans/桌面/codeSpace/teeworlds-infclassRc/build/CMakeFiles/CMakeTmp/CheckSymbolExists.c:
/* */

int main(int argc, char** argv)
{
  (void)argv;
#ifndef __i386
  return ((int*)(&__i386))[argc];
#else
  (void)argc;
  return 0;
#endif
}
Performing C SOURCE FILE Test CMAKE_HAVE_LIBC_PTHREAD failed with the following output:
Change Dir: /home/flowerfell-sans/桌面/codeSpace/teeworlds-infclassRc/build/CMakeFiles/CMakeTmp

Run Build Command(s):/usr/bin/make cmTC_eff86/fast && /usr/bin/make -f CMakeFiles/cmTC_eff86.dir/build.make CMakeFiles/cmTC_eff86.dir/build
make[1]: 进入目录“/home/flowerfell-sans/桌面/codeSpace/teeworlds-infclassRc/build/CMakeFiles/CMakeTmp”
Building C object CMakeFiles/cmTC_eff86.dir/src.c.o
/usr/bin/cc   -DCMAKE_HAVE_LIBC_PTHREAD   -o CMakeFiles/cmTC_eff86.dir/src.c.o   -c /home/flowerfell-sans/桌面/codeSpace/teeworlds-infclassRc/build/CMakeFiles/CMakeTmp/src.c
Linking C executable cmTC_eff86
/usr/bin/cmake -E cmake_link_script CMakeFiles/cmTC_eff86.dir/link.txt --verbose=1
/usr/bin/cc  -DCMAKE_HAVE_LIBC_PTHREAD    CMakeFiles/cmTC_eff86.dir/src.c.o  -o cmTC_eff86 
/usr/bin/ld: CMakeFiles/cmTC_eff86.dir/src.c.o: in function `main':
src.c:(.text+0x46): undefined reference to `pthread_create'
/usr/bin/ld: src.c:(.text+0x52): undefined reference to `pthread_detach'
/usr/bin/ld: src.c:(.text+0x63): undefined reference to `pthread_join'
collect2: error: ld returned 1 exit status
make[1]: *** [CMakeFiles/cmTC_eff86.dir/build.make:87：cmTC_eff86] 错误 1
make[1]: 离开目录“/home/flowerfell-sans/桌面/codeSpace/teeworlds-infclassRc/build/CMakeFiles/CMakeTmp”
make: *** [Makefile:121：cmTC_eff86/fast] 错误 2


Source file was:
#include <pthread.h>

void* test_func(void* data)
{
  return data;
}

int main(void)
{
  pthread_t thread;
  pthread_create(&thread, NULL, test_func, NULL);
  pthread_detach(thread);
  pthread_join(thread, NULL);
  pthread_atfork(NULL, NULL, NULL);
  pthread_exit(NULL);

  return 0;
}

Determining if the function pthread_create exists in the pthreads failed with the following output:
Change Dir: /home/flowerfell-sans/桌面/codeSpace/teeworlds-infclassRc/build/CMakeFiles/CMakeTmp

Run Build Command(s):/usr/bin/make cmTC_06f5a/fast && /usr/bin/make -f CMakeFiles/cmTC_06f5a.dir/build.make CMakeFiles/cmTC_06f5a.dir/build
make[1]: 进入目录“/home/flowerfell-sans/桌面/codeSpace/teeworlds-infclassRc/build/CMakeFiles/CMakeTmp”
Building C object CMakeFiles/cmTC_06f5a.dir/CheckFunctionExists.c.o
/usr/bin/cc   -DCHECK_FUNCTION_EXISTS=pthread_create   -o CMakeFiles/cmTC_06f5a.dir/CheckFunctionExists.c.o   -c /usr/share/cmake-3.16/Modules/CheckFunctionExists.c
Linking C executable cmTC_06f5a
/usr/bin/cmake -E cmake_link_script CMakeFiles/cmTC_06f5a.dir/link.txt --verbose=1
/usr/bin/cc  -DCHECK_FUNCTION_EXISTS=pthread_create    CMakeFiles/cmTC_06f5a.dir/CheckFunctionExists.c.o  -o cmTC_06f5a  -lpthreads 
/usr/bin/ld: 找不到 -lpthreads
collect2: error: ld returned 1 exit status
make[1]: *** [CMakeFiles/cmTC_06f5a.dir/build.make:87：cmTC_06f5a] 错误 1
make[1]: 离开目录“/home/flowerfell-sans/桌面/codeSpace/teeworlds-infclassRc/build/CMakeFiles/CMakeTmp”
make: *** [Makefile:121：cmTC_06f5a/fast] 错误 2



